<?xml version="1.0" encoding="UTF-8"?>
<testsuite xmlns:xsi="http://www.w3.org/2001/XMLSchema-instance" xsi:noNamespaceSchemaLocation="https://maven.apache.org/surefire/maven-surefire-plugin/xsd/surefire-test-report-3.0.xsd" version="3.0" name="tests.Test_001" time="0.683" tests="3" errors="0" skipped="0" failures="0">
  <properties>
    <property name="sun.desktop" value="windows"/>
    <property name="awt.toolkit" value="sun.awt.windows.WToolkit"/>
    <property name="java.specification.version" value="11"/>
    <property name="sun.cpu.isalist" value="amd64"/>
    <property name="sun.jnu.encoding" value="Cp1252"/>
    <property name="java.class.path" value="E:\MyFrameWorks\mobileTestingWorkspace\helloWorldJava\target\test-classes;E:\MyFrameWorks\mobileTestingWorkspace\helloWorldJava\target\classes;C:\Users\gowth\.m2\repository\org\testng\testng\7.8.0\testng-7.8.0.jar;C:\Users\gowth\.m2\repository\org\slf4j\slf4j-api\1.7.36\slf4j-api-1.7.36.jar;C:\Users\gowth\.m2\repository\com\beust\jcommander\1.82\jcommander-1.82.jar;C:\Users\gowth\.m2\repository\org\webjars\jquery\3.6.1\jquery-3.6.1.jar;"/>
    <property name="java.vm.vendor" value="Oracle Corporation"/>
    <property name="sun.arch.data.model" value="64"/>
    <property name="user.variant" value=""/>
    <property name="java.vendor.url" value="https://openjdk.java.net/"/>
    <property name="user.timezone" value="Asia/Calcutta"/>
    <property name="java.vm.specification.version" value="11"/>
    <property name="os.name" value="Windows 11"/>
    <property name="sun.java.launcher" value="SUN_STANDARD"/>
    <property name="user.country" value="IN"/>
    <property name="sun.boot.library.path" value="C:\jdk-11.0.16\bin"/>
    <property name="sun.java.command" value="C:\Users\gowth\AppData\Local\Temp\surefire18080603148869439631\surefirebooter-20240101184333653_3.jar C:\Users\gowth\AppData\Local\Temp\surefire18080603148869439631 2024-01-01T18-43-32_593-jvmRun1 surefire-20240101184333653_1tmp surefire_0-20240101184333653_2tmp"/>
    <property name="jdk.debug" value="release"/>
    <property name="surefire.test.class.path" value="E:\MyFrameWorks\mobileTestingWorkspace\helloWorldJava\target\test-classes;E:\MyFrameWorks\mobileTestingWorkspace\helloWorldJava\target\classes;C:\Users\gowth\.m2\repository\org\testng\testng\7.8.0\testng-7.8.0.jar;C:\Users\gowth\.m2\repository\org\slf4j\slf4j-api\1.7.36\slf4j-api-1.7.36.jar;C:\Users\gowth\.m2\repository\com\beust\jcommander\1.82\jcommander-1.82.jar;C:\Users\gowth\.m2\repository\org\webjars\jquery\3.6.1\jquery-3.6.1.jar;"/>
    <property name="sun.cpu.endian" value="little"/>
    <property name="user.home" value="C:\Users\gowth"/>
    <property name="user.language" value="en"/>
    <property name="java.specification.vendor" value="Oracle Corporation"/>
    <property name="java.version.date" value="2022-07-19"/>
    <property name="java.home" value="C:\jdk-11.0.16"/>
    <property name="file.separator" value="\"/>
    <property name="basedir" value="E:\MyFrameWorks\mobileTestingWorkspace\helloWorldJava"/>
    <property name="java.vm.compressedOopsMode" value="32-bit"/>
    <property name="line.separator" value="&#10;"/>
    <property name="java.specification.name" value="Java Platform API Specification"/>
    <property name="java.vm.specification.vendor" value="Oracle Corporation"/>
    <property name="java.awt.graphicsenv" value="sun.awt.Win32GraphicsEnvironment"/>
    <property name="surefire.real.class.path" value="C:\Users\gowth\AppData\Local\Temp\surefire18080603148869439631\surefirebooter-20240101184333653_3.jar"/>
    <property name="user.script" value=""/>
    <property name="sun.management.compiler" value="HotSpot 64-Bit Tiered Compilers"/>
    <property name="java.runtime.version" value="11.0.16+11-LTS-199"/>
    <property name="user.name" value="gowth"/>
    <property name="path.separator" value=";"/>
    <property name="os.version" value="10.0"/>
    <property name="java.runtime.name" value="Java(TM) SE Runtime Environment"/>
    <property name="file.encoding" value="Cp1252"/>
    <property name="java.vm.name" value="Java HotSpot(TM) 64-Bit Server VM"/>
    <property name="java.vendor.version" value="18.9"/>
    <property name="localRepository" value="C:\Users\gowth\.m2\repository"/>
    <property name="java.vendor.url.bug" value="https://bugreport.java.com/bugreport/"/>
    <property name="java.io.tmpdir" value="C:\Users\gowth\AppData\Local\Temp\"/>
    <property name="java.version" value="11.0.16"/>
    <property name="user.dir" value="E:\MyFrameWorks\mobileTestingWorkspace\helloWorldJava"/>
    <property name="os.arch" value="amd64"/>
    <property name="java.vm.specification.name" value="Java Virtual Machine Specification"/>
    <property name="java.awt.printerjob" value="sun.awt.windows.WPrinterJob"/>
    <property name="sun.os.patch.level" value=""/>
    <property name="java.library.path" value="C:\jdk-11.0.16\bin;C:\WINDOWS\Sun\Java\bin;C:\WINDOWS\system32;C:\WINDOWS;C:\Users\gowth\bin;C:\Program Files\Git\mingw64\bin;C:\Program Files\Git\usr\local\bin;C:\Program Files\Git\usr\bin;C:\Program Files\Git\usr\bin;C:\Program Files\Git\mingw64\bin;C:\Program Files\Git\usr\bin;C:\Users\gowth\bin;C:\Program Files\Java\jdk-18.0.1.1\bin\server;C:\Program Files\Java\jdk-18.0.1.1\bin;C:\Program Files\Common Files\Oracle\Java\javapath;C:\windows\system32;C:\windows;C:\windows\System32\Wbem;C:\windows\System32\WindowsPowerShell\v1.0;C:\windows\System32\OpenSSH;C:\Program Files (x86)\NVIDIA Corporation\PhysX\Common;C:\Program Files\NVIDIA Corporation\NVIDIA NvDLISR;C:\WINDOWS\system32;C:\WINDOWS;C:\WINDOWS\System32\Wbem;C:\WINDOWS\System32\WindowsPowerShell\v1.0;C:\WINDOWS\System32\OpenSSH;C:\Users\gowth\Downloads\apache-maven-3.8.6-bin\apache-maven-3.8.6\bin;C:\Program Files\JetBrains\IntelliJ IDEA Educational Edition 2022.1.1\bin;C:\allure-2.13.0\bin;C:\Automation;C:\Program Files\Git\cmd;C:\Gradle\gradle-7.5.1\bin;E:\pythonProject\SeleniumTutorial\venv\Scripts\pytest.exe;C:\Program Files\nodejs;C:\Users\gowth\Downloads\Appium-Server-GUI-windows-1.22.3-4.exe;C:\Users\gowth\AppData\Local\Android\Sdk\build-tools;C:\Users\gowth\AppData\Local\Android\Sdk\platforms;C:\Users\gowth\AppData\Local\Android\Sdk\platform-tools;C:\Users\gowth\AppData\Local\Android\Sdk\tools;C:\Users\gowth\AppData\Local\Android\Sdk\tools\bin;C:\Program Files\nodejs\node_modules\npm\bin;C:\Program Files\Microsoft SQL Server\Client SDK\ODBC\170\Tools\Binn;C:\Program Files (x86)\Microsoft SQL Server\150\Tools\Binn;C:\Program Files\Microsoft SQL Server\150\Tools\Binn;C:\Program Files\Microsoft SQL Server\150\DTS\Binn;C:\Program Files (x86)\Microsoft SQL Server\150\DTS\Binn;C:\Program Files\Azure Data Studio\bin;C:\Program Files\PuTTY;C:\jdk-11.0.16\bin;C:\jdk-11.0.16\lib;C:\Users\gowth\AppData\Local\Android\Sdk\platform-tools;C:\Users\gowth\AppData\Local\Android\Sdk\build-tools;C:\Users\gowth\AppData\Local\Android\Sdk\tools;C:\Program Files\MySQL\MySQL Server 8.0\bin;C:\Users\gowth\Downloads\kubectl.exe;C:\jdk-11.0.16\bin;C:\Users\gowth\.console-ninja\.bin;C:\Program Files\MySQL\MySQL Shell 8.0\bin;C:\Users\gowth\AppData\Local\Programs\Python\Python310\Scripts;C:\Users\gowth\AppData\Local\Programs\Python\Python310;C:\Users\gowth\AppData\Local\Programs\Python\Python37\Scripts;C:\Users\gowth\AppData\Local\Programs\Python\Python37;C:\Users\gowth\AppData\Local\Microsoft\WindowsApps;C:\Program Files\JetBrains\IntelliJ IDEA Educational Edition 2022.1.1\bin;C:\Program Files\JetBrains\IntelliJ IDEA Community Edition 2022.2.1\bin;C:\Program Files\JetBrains\PyCharm Community Edition 2022.2.2\bin;C:\Python310;C:\Python310\Lib\site-packages\pip;C:\Users\gowth\AppData\Roaming\npm;C:\Program Files\Azure Data Studio\bin;E:\z.vsstudio\Microsoft VS Code\bin;E:\z.vs code software\Microsoft VS Code\bin;C:\jdk-11.0.16\bin;C:\jdk-11.0.16\lib;C:\WINDOWS\System32;C:\Program Files\Git\usr\bin\vendor_perl;C:\Program Files\Git\usr\bin\core_perl;."/>
    <property name="java.vendor" value="Oracle Corporation"/>
    <property name="java.vm.info" value="mixed mode"/>
    <property name="java.vm.version" value="11.0.16+11-LTS-199"/>
    <property name="sun.io.unicode.encoding" value="UnicodeLittle"/>
    <property name="java.class.version" value="55.0"/>
  </properties>
  <testcase name="tc_001" classname="tests.Test_001" time="0.007">
    <system-out><![CDATA[Hello-India 
]]></system-out>
    <system-err><![CDATA[SLF4J: Failed to load class "org.slf4j.impl.StaticLoggerBinder".
SLF4J: Defaulting to no-operation (NOP) logger implementation
SLF4J: See http://www.slf4j.org/codes.html#StaticLoggerBinder for further details.
]]></system-err>
  </testcase>
  <testcase name="tc_002" classname="tests.Test_001" time="0.001">
    <system-out><![CDATA[Hello-Usa 
]]></system-out>
  </testcase>
  <testcase name="tc_003" classname="tests.Test_001" time="0.001">
    <system-out><![CDATA[Hello-Canada 
]]></system-out>
  </testcase>
</testsuite>