<?xml version="1.0" encoding="UTF-8"?>
<!-- Generated by org.testng.reporters.JUnitReportReporter -->
<testsuite hostname="Gowtham" failures="0" tests="1" name="tests.Test_001" time="0.012" errors="0" timestamp="2023-12-23T18:59:54 IST" skipped="0">
  <testcase classname="tests.Test_001" name="tc_003" time="0.012"/>
</testsuite> <!-- tests.Test_001 -->
