<?xml version="1.0" encoding="UTF-8"?>
<!-- Generated by org.testng.reporters.JUnitReportReporter -->
<testsuite hostname="Gowtham" failures="0" tests="3" name="tests.Test_001" time="0.009" errors="0" timestamp="2023-12-30T17:40:46 IST" skipped="0">
  <testcase classname="tests.Test_001" name="tc_001" time="0.006"/>
  <testcase classname="tests.Test_001" name="tc_002" time="0.002"/>
  <testcase classname="tests.Test_001" name="tc_003" time="0.001"/>
</testsuite> <!-- tests.Test_001 -->
